[INFO ] 2018-03-28 20:10:20.579 [http-nio-8080-exec-4] Version - HHH000412: Hibernate Core {5.2.12.Final}
[INFO ] 2018-03-28 20:10:20.583 [http-nio-8080-exec-4] Environment - HHH000206: hibernate.properties not found
[INFO ] 2018-03-28 20:10:21.170 [http-nio-8080-exec-4] Version - HCANN000001: Hibernate Commons Annotations {5.0.1.Final}
[INFO ] 2018-03-28 20:10:21.413 [http-nio-8080-exec-1] C3P0ConnectionProvider - HHH010002: C3P0 using driver: com.mysql.jdbc.Driver at URL: jdbc:mysql://localhost:3306/concertPlanner
[INFO ] 2018-03-28 20:10:21.414 [http-nio-8080-exec-4] C3P0ConnectionProvider - HHH010002: C3P0 using driver: com.mysql.jdbc.Driver at URL: jdbc:mysql://localhost:3306/concertPlanner
[INFO ] 2018-03-28 20:10:21.414 [http-nio-8080-exec-1] C3P0ConnectionProvider - HHH10001001: Connection properties: {user=root, password=****}
[INFO ] 2018-03-28 20:10:21.414 [http-nio-8080-exec-4] C3P0ConnectionProvider - HHH10001001: Connection properties: {user=root, password=****}
[INFO ] 2018-03-28 20:10:21.414 [http-nio-8080-exec-1] C3P0ConnectionProvider - HHH10001003: Autocommit mode: false
[INFO ] 2018-03-28 20:10:21.414 [http-nio-8080-exec-4] C3P0ConnectionProvider - HHH10001003: Autocommit mode: false
[INFO ] 2018-03-28 20:10:21.824 [http-nio-8080-exec-4] C3P0ConnectionProvider - HHH10001007: JDBC isolation level: <unknown>
[INFO ] 2018-03-28 20:10:21.835 [http-nio-8080-exec-1] C3P0ConnectionProvider - HHH10001007: JDBC isolation level: <unknown>
[INFO ] 2018-03-28 20:10:22.574 [http-nio-8080-exec-4] Dialect - HHH000400: Using dialect: org.hibernate.dialect.MySQL5Dialect
[INFO ] 2018-03-28 20:10:22.574 [http-nio-8080-exec-1] Dialect - HHH000400: Using dialect: org.hibernate.dialect.MySQL5Dialect
[INFO ] 2018-03-28 20:10:24.313 [http-nio-8080-exec-4] QueryTranslatorFactoryInitiator - HHH000397: Using ASTQueryTranslatorFactory
[INFO ] 2018-03-28 20:10:24.313 [http-nio-8080-exec-1] QueryTranslatorFactoryInitiator - HHH000397: Using ASTQueryTranslatorFactory
[INFO ] 2018-03-29 14:18:41.981 [http-nio-8080-exec-6] Version - HHH000412: Hibernate Core {5.2.12.Final}
[INFO ] 2018-03-29 14:18:41.986 [http-nio-8080-exec-6] Environment - HHH000206: hibernate.properties not found
[INFO ] 2018-03-29 14:18:42.747 [http-nio-8080-exec-6] Version - HCANN000001: Hibernate Commons Annotations {5.0.1.Final}
[INFO ] 2018-03-29 14:18:43.137 [http-nio-8080-exec-6] C3P0ConnectionProvider - HHH010002: C3P0 using driver: com.mysql.jdbc.Driver at URL: jdbc:mysql://localhost:3306/concertPlanner
[INFO ] 2018-03-29 14:18:43.142 [http-nio-8080-exec-6] C3P0ConnectionProvider - HHH10001001: Connection properties: {user=root, password=****}
[INFO ] 2018-03-29 14:18:43.142 [http-nio-8080-exec-6] C3P0ConnectionProvider - HHH10001003: Autocommit mode: false
[INFO ] 2018-03-29 14:18:43.590 [http-nio-8080-exec-6] C3P0ConnectionProvider - HHH10001007: JDBC isolation level: <unknown>
[INFO ] 2018-03-29 14:18:44.421 [http-nio-8080-exec-6] Dialect - HHH000400: Using dialect: org.hibernate.dialect.MySQL5Dialect
[INFO ] 2018-03-29 14:18:47.185 [http-nio-8080-exec-6] QueryTranslatorFactoryInitiator - HHH000397: Using ASTQueryTranslatorFactory
[INFO ] 2018-03-29 14:43:41.768 [http-nio-8080-exec-4] Version - HHH000412: Hibernate Core {5.2.12.Final}
[INFO ] 2018-03-29 14:43:41.773 [http-nio-8080-exec-4] Environment - HHH000206: hibernate.properties not found
[INFO ] 2018-03-29 14:43:42.510 [http-nio-8080-exec-4] Version - HCANN000001: Hibernate Commons Annotations {5.0.1.Final}
[INFO ] 2018-03-29 14:43:42.903 [http-nio-8080-exec-4] C3P0ConnectionProvider - HHH010002: C3P0 using driver: com.mysql.jdbc.Driver at URL: jdbc:mysql://localhost:3306/concertPlanner
[INFO ] 2018-03-29 14:43:42.903 [http-nio-8080-exec-4] C3P0ConnectionProvider - HHH10001001: Connection properties: {user=root, password=****}
[INFO ] 2018-03-29 14:43:42.903 [http-nio-8080-exec-4] C3P0ConnectionProvider - HHH10001003: Autocommit mode: false
[INFO ] 2018-03-29 14:43:43.314 [http-nio-8080-exec-4] C3P0ConnectionProvider - HHH10001007: JDBC isolation level: <unknown>
[INFO ] 2018-03-29 14:43:44.055 [http-nio-8080-exec-4] Dialect - HHH000400: Using dialect: org.hibernate.dialect.MySQL5Dialect
[INFO ] 2018-03-29 14:43:46.648 [http-nio-8080-exec-4] QueryTranslatorFactoryInitiator - HHH000397: Using ASTQueryTranslatorFactory
[INFO ] 2018-03-29 14:47:02.744 [http-nio-8080-exec-4] Version - HHH000412: Hibernate Core {5.2.12.Final}
[INFO ] 2018-03-29 14:47:02.748 [http-nio-8080-exec-4] Environment - HHH000206: hibernate.properties not found
[INFO ] 2018-03-29 14:47:03.283 [http-nio-8080-exec-4] Version - HCANN000001: Hibernate Commons Annotations {5.0.1.Final}
[INFO ] 2018-03-29 14:47:03.561 [http-nio-8080-exec-4] C3P0ConnectionProvider - HHH010002: C3P0 using driver: com.mysql.jdbc.Driver at URL: jdbc:mysql://localhost:3306/concertPlanner
[INFO ] 2018-03-29 14:47:03.561 [http-nio-8080-exec-4] C3P0ConnectionProvider - HHH10001001: Connection properties: {user=root, password=****}
[INFO ] 2018-03-29 14:47:03.561 [http-nio-8080-exec-4] C3P0ConnectionProvider - HHH10001003: Autocommit mode: false
[INFO ] 2018-03-29 14:47:03.905 [http-nio-8080-exec-4] C3P0ConnectionProvider - HHH10001007: JDBC isolation level: <unknown>
[INFO ] 2018-03-29 14:47:04.482 [http-nio-8080-exec-4] Dialect - HHH000400: Using dialect: org.hibernate.dialect.MySQL5Dialect
[INFO ] 2018-03-29 14:47:06.454 [http-nio-8080-exec-4] QueryTranslatorFactoryInitiator - HHH000397: Using ASTQueryTranslatorFactory
[INFO ] 2018-03-29 15:43:41.204 [http-nio-8080-exec-4] Version - HHH000412: Hibernate Core {5.2.12.Final}
[INFO ] 2018-03-29 15:43:41.207 [http-nio-8080-exec-4] Environment - HHH000206: hibernate.properties not found
[INFO ] 2018-03-29 15:43:41.751 [http-nio-8080-exec-4] Version - HCANN000001: Hibernate Commons Annotations {5.0.1.Final}
[INFO ] 2018-03-29 15:43:42.004 [http-nio-8080-exec-4] C3P0ConnectionProvider - HHH010002: C3P0 using driver: com.mysql.jdbc.Driver at URL: jdbc:mysql://localhost:3306/concertPlanner
[INFO ] 2018-03-29 15:43:42.004 [http-nio-8080-exec-4] C3P0ConnectionProvider - HHH10001001: Connection properties: {user=root, password=****}
[INFO ] 2018-03-29 15:43:42.005 [http-nio-8080-exec-4] C3P0ConnectionProvider - HHH10001003: Autocommit mode: false
[INFO ] 2018-03-29 15:43:42.274 [http-nio-8080-exec-4] C3P0ConnectionProvider - HHH10001007: JDBC isolation level: <unknown>
[INFO ] 2018-03-29 15:43:42.795 [http-nio-8080-exec-4] Dialect - HHH000400: Using dialect: org.hibernate.dialect.MySQL5Dialect
[INFO ] 2018-03-29 15:43:45.029 [http-nio-8080-exec-4] QueryTranslatorFactoryInitiator - HHH000397: Using ASTQueryTranslatorFactory
